 [ch.qos.logback/logback-classic "1.1.3" :exclusions [[org.slf4j/slf4j-api]]]
   [ch.qos.logback/logback-core "1.1.3"]
 [cider/cider-nrepl "0.10.2"]
   [org.tcrawley/dynapath "0.2.3" :exclusions [[org.clojure/clojure]]]
 [clojure-complete "0.2.4" :exclusions [[org.clojure/clojure]]]
 [io.pedestal/pedestal.jetty "0.4.1"]
   [javax.servlet/javax.servlet-api "3.1.0"]
   [org.eclipse.jetty/jetty-server "9.3.1.v20150714"]
     [org.eclipse.jetty/jetty-http "9.3.1.v20150714"]
       [org.eclipse.jetty/jetty-util "9.3.1.v20150714"]
     [org.eclipse.jetty/jetty-io "9.3.1.v20150714"]
   [org.eclipse.jetty/jetty-servlet "9.3.1.v20150714"]
     [org.eclipse.jetty/jetty-security "9.3.1.v20150714"]
 [io.pedestal/pedestal.service-tools "0.4.1" :scope "test"]
   [ns-tracker "0.3.0" :scope "test"]
     [org.clojure/java.classpath "0.2.2" :scope "test"]
     [org.clojure/tools.namespace "0.2.10" :scope "test"]
 [io.pedestal/pedestal.service "0.4.1"]
   [cheshire "5.5.0" :exclusions [[com.fasterxml.jackson.core/jackson-core]]]
     [com.fasterxml.jackson.dataformat/jackson-dataformat-cbor "2.5.3"]
     [com.fasterxml.jackson.dataformat/jackson-dataformat-smile "2.5.3"]
     [tigris "0.1.1"]
   [com.cognitect/transit-clj "0.8.275"]
     [com.cognitect/transit-java "0.8.290"]
       [com.fasterxml.jackson.datatype/jackson-datatype-json-org "2.3.2"]
         [com.fasterxml.jackson.core/jackson-core "2.3.2"]
         [com.fasterxml.jackson.core/jackson-databind "2.3.2"]
           [com.fasterxml.jackson.core/jackson-annotations "2.3.0"]
         [org.json/json "20090211"]
       [org.apache.directory.studio/org.apache.commons.codec "1.8"]
       [org.msgpack/msgpack "0.6.10"]
         [com.googlecode.json-simple/json-simple "1.1.1" :exclusions [[junit]]]
         [org.javassist/javassist "3.18.1-GA"]
   [commons-codec "1.10"]
   [crypto-equality "1.0.0"]
   [crypto-random "1.2.0" :exclusions [[commons-codec]]]
   [org.clojure/core.async "0.1.346.0-17112a-alpha" :exclusions [[org.clojure/tools.analyzer.jvm]]]
   [org.clojure/core.incubator "0.1.3"]
   [org.clojure/core.match "0.3.0-alpha4" :exclusions [[org.clojure/clojurescript] [org.clojure/tools.analyzer.jvm]]]
   [org.clojure/tools.analyzer.jvm "0.6.7"]
     [org.clojure/core.memoize "0.5.6"]
       [org.clojure/core.cache "0.6.3"]
         [org.clojure/data.priority-map "0.0.2"]
     [org.clojure/tools.analyzer "0.6.6"]
     [org.ow2.asm/asm-all "4.2"]
   [org.clojure/tools.reader "0.9.2"]
   [org.slf4j/slf4j-api "1.7.12"]
   [ring/ring-core "1.4.0" :exclusions [[org.clojure/clojure] [org.clojure/tools.reader] [crypto-random] [crypto-equality]]]
     [clj-time "0.9.0"]
       [joda-time "2.6"]
     [commons-fileupload "1.3.1"]
     [commons-io "2.4"]
     [ring/ring-codec "1.0.0"]
 [org.clojure/clojure "1.7.0"]
 [org.clojure/tools.nrepl "0.2.12"]
 [org.slf4j/jcl-over-slf4j "1.7.12"]
 [org.slf4j/jul-to-slf4j "1.7.12"]
 [org.slf4j/log4j-over-slf4j "1.7.12"]
